<?xml version="1.0" encoding="UTF-8"?>
<!-- Generated by org.testng.reporters.JUnitReportReporter -->
<testsuite hostname="Anandhakrishnan" failures="0" tests="3" name="com.emc.pageexecution.PageExecution" time="31.009" errors="0" timestamp="2023-07-16T06:08:12 IST" skipped="0">
  <testcase classname="com.emc.pageexecution.PageExecution" name="lapsearch" time="11.206"/>
  <system-out/>
  <testcase classname="com.emc.pageexecution.PageExecution" name="esearch" time="10.525"/>
  <system-out/>
  <testcase classname="com.emc.pageexecution.PageExecution" name="swSearch" time="9.278"/>
  <system-out/>
</testsuite> <!-- com.emc.pageexecution.PageExecution -->
