<?xml version="1.0" encoding="UTF-8"?>
<!-- Generated by org.testng.reporters.JUnitReportReporter -->
<testsuite hostname="Anandhakrishnan" failures="0" tests="4" name="com.emc.pageexecution.LoginPageExecution" time="40.819" errors="0" timestamp="2023-07-17T11:22:50 IST" skipped="0">
  <testcase classname="com.emc.pageexecution.LoginPageExecution" name="checkSignUpLink" time="9.873"/>
  <system-out/>
  <testcase classname="com.emc.pageexecution.LoginPageExecution" name="testLoginFunction" time="8.615"/>
  <system-out/>
  <testcase classname="com.emc.pageexecution.LoginPageExecution" name="helloMsg" time="14.189"/>
  <system-out/>
  <testcase classname="com.emc.pageexecution.LoginPageExecution" name="helloMsg" time="8.142"/>
  <system-out/>
</testsuite> <!-- com.emc.pageexecution.LoginPageExecution -->
